build/app/intermediates/manifest_merge_blame_file/release/manifest-merger-blame-release-report.txt
1<?xml version="1.0" encoding="utf-8"?>
2<manifest xmlns:android="http://schemas.android.com/apk/res/android"
3    package="com.npley.dudung"
4    android:versionCode="22"
5    android:versionName="1.0.0" >
6
7    <uses-sdk
8        android:minSdkVersion="34"
8-->src/main/AndroidManifest.xml
9        android:targetSdkVersion="34" />
9-->src/main/AndroidManifest.xml
10
11    <uses-permission android:name="android.permission.INTERNET" />
11-->src/main/AndroidManifest.xml:4:5-66
11-->src/main/AndroidManifest.xml:4:22-64
12    <uses-permission android:name="android.permission.CAMERA" />
12-->src/main/AndroidManifest.xml:5:5-65
12-->src/main/AndroidManifest.xml:5:22-62
13    <uses-permission android:name="android.permission.RECORD_AUDIO" />
13-->src/main/AndroidManifest.xml:6:5-71
13-->src/main/AndroidManifest.xml:6:22-68
14    <uses-permission android:name="android.permission.MODIFY_AUDIO_SETTINGS" />
14-->src/main/AndroidManifest.xml:7:5-80
14-->src/main/AndroidManifest.xml:7:22-77
15    <uses-permission android:name="android.permission.VIDEO_CAPTURE" />
15-->src/main/AndroidManifest.xml:8:5-72
15-->src/main/AndroidManifest.xml:8:22-69
16    <uses-permission android:name="android.permission.AUDIO_CAPTURE" />
16-->src/main/AndroidManifest.xml:9:5-72
16-->src/main/AndroidManifest.xml:9:22-69
17    <!-- Provide required visibility configuration for API level 30 and above -->
18    <queries>
18-->src/main/AndroidManifest.xml:53:5-68:15
19
20        <!-- If your app checks for SMS support -->
21        <intent>
21-->src/main/AndroidManifest.xml:55:9-58:18
22            <action android:name="android.intent.action.VIEW" />
22-->src/main/AndroidManifest.xml:56:13-65
22-->src/main/AndroidManifest.xml:56:21-62
23
24            <data android:scheme="sms" />
24-->src/main/AndroidManifest.xml:57:13-42
24-->src/main/AndroidManifest.xml:57:19-39
25        </intent>
26        <!-- If your app checks for call support -->
27        <intent>
27-->src/main/AndroidManifest.xml:60:9-63:18
28            <action android:name="android.intent.action.VIEW" />
28-->src/main/AndroidManifest.xml:56:13-65
28-->src/main/AndroidManifest.xml:56:21-62
29
30            <data android:scheme="tel" />
30-->src/main/AndroidManifest.xml:57:13-42
30-->src/main/AndroidManifest.xml:57:19-39
31        </intent>
32        <!-- If your application checks for inAppBrowserView launch mode support -->
33        <intent>
33-->src/main/AndroidManifest.xml:65:9-67:18
34            <action android:name="android.support.customtabs.action.CustomTabsService" />
34-->src/main/AndroidManifest.xml:66:13-90
34-->src/main/AndroidManifest.xml:66:21-87
35        </intent>
36    </queries>
37
38    <permission
38-->[androidx.core:core:1.10.1] AndroidManifest.xml:22:5-24:47
39        android:name="com.npley.dudung.DYNAMIC_RECEIVER_NOT_EXPORTED_PERMISSION"
39-->[androidx.core:core:1.10.1] AndroidManifest.xml:23:9-81
40        android:protectionLevel="signature" />
40-->[androidx.core:core:1.10.1] AndroidManifest.xml:24:9-44
41
42    <uses-permission android:name="com.npley.dudung.DYNAMIC_RECEIVER_NOT_EXPORTED_PERMISSION" />
42-->[androidx.core:core:1.10.1] AndroidManifest.xml:26:5-97
42-->[androidx.core:core:1.10.1] AndroidManifest.xml:26:22-94
43
44    <application
45        android:name="android.app.Application"
45-->src/main/AndroidManifest.xml:13:9-42
46        android:appComponentFactory="androidx.core.app.CoreComponentFactory"
46-->[androidx.core:core:1.10.1] AndroidManifest.xml:28:18-86
47        android:extractNativeLibs="false"
48        android:icon="@mipmap/launcher_icon"
48-->src/main/AndroidManifest.xml:14:9-45
49        android:label="두둥링크" >
49-->src/main/AndroidManifest.xml:12:9-29
50        <activity
50-->src/main/AndroidManifest.xml:15:9-35:20
51            android:name="com.npley.dudung.MainActivity"
51-->src/main/AndroidManifest.xml:16:13-41
52            android:configChanges="orientation|keyboardHidden|keyboard|screenSize|smallestScreenSize|locale|layoutDirection|fontScale|screenLayout|density|uiMode"
52-->src/main/AndroidManifest.xml:20:13-163
53            android:exported="true"
53-->src/main/AndroidManifest.xml:17:13-36
54            android:hardwareAccelerated="true"
54-->src/main/AndroidManifest.xml:21:13-47
55            android:launchMode="singleTop"
55-->src/main/AndroidManifest.xml:18:13-43
56            android:theme="@style/LaunchTheme"
56-->src/main/AndroidManifest.xml:19:13-47
57            android:windowSoftInputMode="adjustResize" >
57-->src/main/AndroidManifest.xml:22:13-55
58
59            <!--
60                 Specifies an Android theme to apply to this Activity as soon as
61                 the Android process has started. This theme is visible to the user
62                 while the Flutter UI initializes. After that, this theme continues
63                 to determine the Window background behind the Flutter UI.
64            -->
65            <meta-data
65-->src/main/AndroidManifest.xml:27:13-30:17
66                android:name="io.flutter.embedding.android.NormalTheme"
66-->src/main/AndroidManifest.xml:28:15-70
67                android:resource="@style/NormalTheme" />
67-->src/main/AndroidManifest.xml:29:15-52
68
69            <intent-filter>
69-->src/main/AndroidManifest.xml:31:13-34:29
70                <action android:name="android.intent.action.MAIN" />
70-->src/main/AndroidManifest.xml:32:17-68
70-->src/main/AndroidManifest.xml:32:25-66
71
72                <category android:name="android.intent.category.LAUNCHER" />
72-->src/main/AndroidManifest.xml:33:17-76
72-->src/main/AndroidManifest.xml:33:27-74
73            </intent-filter>
74        </activity>
75        <!--
76             Don't delete the meta-data below.
77             This is used by the Flutter tool to generate GeneratedPluginRegistrant.java
78        -->
79        <meta-data
79-->src/main/AndroidManifest.xml:38:9-40:33
80            android:name="flutterEmbedding"
80-->src/main/AndroidManifest.xml:39:13-44
81            android:value="2" />
81-->src/main/AndroidManifest.xml:40:13-30
82
83        <provider
84            android:name="com.pichillilorenzo.flutter_inappwebview.InAppWebViewFileProvider"
84-->src/main/AndroidManifest.xml:43:13-93
85            android:authorities="com.npley.dudung.flutter_inappwebview.fileprovider"
85-->src/main/AndroidManifest.xml:44:13-85
86            android:exported="false"
86-->src/main/AndroidManifest.xml:45:13-37
87            android:grantUriPermissions="true" >
87-->src/main/AndroidManifest.xml:46:13-47
88            <meta-data
88-->src/main/AndroidManifest.xml:47:13-49:58
89                android:name="android.support.FILE_PROVIDER_PATHS"
89-->src/main/AndroidManifest.xml:48:17-67
90                android:resource="@xml/provider_paths" />
90-->src/main/AndroidManifest.xml:49:17-55
91        </provider>
92
93        <activity
93-->[:flutter_inappwebview] AndroidManifest.xml:16:9-20:47
94            android:name="com.pichillilorenzo.flutter_inappwebview.in_app_browser.InAppBrowserActivity"
94-->[:flutter_inappwebview] AndroidManifest.xml:17:13-104
95            android:configChanges="orientation|keyboardHidden|keyboard|screenSize|locale|layoutDirection|fontScale|screenLayout|density"
95-->[:flutter_inappwebview] AndroidManifest.xml:18:13-137
96            android:exported="false"
96-->[:flutter_inappwebview] AndroidManifest.xml:19:13-37
97            android:theme="@style/AppTheme" />
97-->[:flutter_inappwebview] AndroidManifest.xml:20:13-44
98        <activity
98-->[:flutter_inappwebview] AndroidManifest.xml:21:9-24:55
99            android:name="com.pichillilorenzo.flutter_inappwebview.chrome_custom_tabs.ChromeCustomTabsActivity"
99-->[:flutter_inappwebview] AndroidManifest.xml:22:13-112
100            android:exported="false"
100-->[:flutter_inappwebview] AndroidManifest.xml:23:13-37
101            android:theme="@style/ThemeTransparent" />
101-->[:flutter_inappwebview] AndroidManifest.xml:24:13-52
102        <activity
102-->[:flutter_inappwebview] AndroidManifest.xml:25:9-28:55
103            android:name="com.pichillilorenzo.flutter_inappwebview.chrome_custom_tabs.TrustedWebActivity"
103-->[:flutter_inappwebview] AndroidManifest.xml:26:13-106
104            android:exported="false"
104-->[:flutter_inappwebview] AndroidManifest.xml:27:13-37
105            android:theme="@style/ThemeTransparent" />
105-->[:flutter_inappwebview] AndroidManifest.xml:28:13-52
106        <activity
106-->[:flutter_inappwebview] AndroidManifest.xml:29:9-33:55
107            android:name="com.pichillilorenzo.flutter_inappwebview.chrome_custom_tabs.ChromeCustomTabsActivitySingleInstance"
107-->[:flutter_inappwebview] AndroidManifest.xml:30:13-126
108            android:exported="false"
108-->[:flutter_inappwebview] AndroidManifest.xml:31:13-37
109            android:launchMode="singleInstance"
109-->[:flutter_inappwebview] AndroidManifest.xml:32:13-48
110            android:theme="@style/ThemeTransparent" />
110-->[:flutter_inappwebview] AndroidManifest.xml:33:13-52
111        <activity
111-->[:flutter_inappwebview] AndroidManifest.xml:34:9-38:55
112            android:name="com.pichillilorenzo.flutter_inappwebview.chrome_custom_tabs.TrustedWebActivitySingleInstance"
112-->[:flutter_inappwebview] AndroidManifest.xml:35:13-120
113            android:exported="false"
113-->[:flutter_inappwebview] AndroidManifest.xml:36:13-37
114            android:launchMode="singleInstance"
114-->[:flutter_inappwebview] AndroidManifest.xml:37:13-48
115            android:theme="@style/ThemeTransparent" />
115-->[:flutter_inappwebview] AndroidManifest.xml:38:13-52
116
117        <receiver
117-->[:flutter_inappwebview] AndroidManifest.xml:40:9-43:40
118            android:name="com.pichillilorenzo.flutter_inappwebview.chrome_custom_tabs.ActionBroadcastReceiver"
118-->[:flutter_inappwebview] AndroidManifest.xml:41:13-111
119            android:enabled="true"
119-->[:flutter_inappwebview] AndroidManifest.xml:42:13-35
120            android:exported="false" />
120-->[:flutter_inappwebview] AndroidManifest.xml:43:13-37
121
122        <meta-data
122-->[:flutter_inappwebview] AndroidManifest.xml:45:9-47:36
123            android:name="io.flutter.embedded_views_preview"
123-->[:flutter_inappwebview] AndroidManifest.xml:46:13-61
124            android:value="true" />
124-->[:flutter_inappwebview] AndroidManifest.xml:47:13-33
125
126        <activity
126-->[:url_launcher_android] AndroidManifest.xml:10:9-13:74
127            android:name="io.flutter.plugins.urllauncher.WebViewActivity"
127-->[:url_launcher_android] AndroidManifest.xml:11:13-74
128            android:exported="false"
128-->[:url_launcher_android] AndroidManifest.xml:12:13-37
129            android:theme="@android:style/Theme.NoTitleBar.Fullscreen" />
129-->[:url_launcher_android] AndroidManifest.xml:13:13-71
130
131        <uses-library
131-->[androidx.window:window:1.0.0-beta04] AndroidManifest.xml:25:9-27:40
132            android:name="androidx.window.extensions"
132-->[androidx.window:window:1.0.0-beta04] AndroidManifest.xml:26:13-54
133            android:required="false" />
133-->[androidx.window:window:1.0.0-beta04] AndroidManifest.xml:27:13-37
134        <uses-library
134-->[androidx.window:window:1.0.0-beta04] AndroidManifest.xml:28:9-30:40
135            android:name="androidx.window.sidecar"
135-->[androidx.window:window:1.0.0-beta04] AndroidManifest.xml:29:13-51
136            android:required="false" />
136-->[androidx.window:window:1.0.0-beta04] AndroidManifest.xml:30:13-37
137
138        <provider
138-->[androidx.emoji2:emoji2:1.2.0] AndroidManifest.xml:24:9-32:20
139            android:name="androidx.startup.InitializationProvider"
139-->[androidx.emoji2:emoji2:1.2.0] AndroidManifest.xml:25:13-67
140            android:authorities="com.npley.dudung.androidx-startup"
140-->[androidx.emoji2:emoji2:1.2.0] AndroidManifest.xml:26:13-68
141            android:exported="false" >
141-->[androidx.emoji2:emoji2:1.2.0] AndroidManifest.xml:27:13-37
142            <meta-data
142-->[androidx.emoji2:emoji2:1.2.0] AndroidManifest.xml:29:13-31:52
143                android:name="androidx.emoji2.text.EmojiCompatInitializer"
143-->[androidx.emoji2:emoji2:1.2.0] AndroidManifest.xml:30:17-75
144                android:value="androidx.startup" />
144-->[androidx.emoji2:emoji2:1.2.0] AndroidManifest.xml:31:17-49
145            <meta-data
145-->[androidx.lifecycle:lifecycle-process:2.4.1] AndroidManifest.xml:31:13-33:52
146                android:name="androidx.lifecycle.ProcessLifecycleInitializer"
146-->[androidx.lifecycle:lifecycle-process:2.4.1] AndroidManifest.xml:32:17-78
147                android:value="androidx.startup" />
147-->[androidx.lifecycle:lifecycle-process:2.4.1] AndroidManifest.xml:33:17-49
148        </provider>
149    </application>
150
151</manifest>